<?xml version="1.0" encoding="UTF-8"?>
<robot generator="Robot 7.0 (Python 3.12.3 on win32)" generated="2024-05-28T12:15:01.877828" rpa="false" schemaversion="5">
<suite id="s1" name="Tests" source="C:\Users\anouari\PycharmProjects\belttest\testsdirectory\tests.robot">
<test id="s1-t1" name="Test Seatbelt Alerts" line="5">
<kw name="Unfasten Seatbelt" owner="seat_belts">
<status status="PASS" start="2024-05-28T12:15:01.940546" elapsed="0.000000"/>
</kw>
<kw name="Is Light Indicator Red" owner="seat_belts">
<msg time="2024-05-28T12:15:01.940546" level="INFO">${light_red} = True</msg>
<var>${light_red}</var>
<status status="PASS" start="2024-05-28T12:15:01.940546" elapsed="0.000000"/>
</kw>
<kw name="Is Sound Alarm On" owner="seat_belts">
<msg time="2024-05-28T12:15:01.940546" level="INFO">${sound_on} = True</msg>
<var>${sound_on}</var>
<status status="PASS" start="2024-05-28T12:15:01.940546" elapsed="0.000000"/>
</kw>
<kw name="Should Be True" owner="BuiltIn">
<arg>${light_red}</arg>
<arg>La lumière d'alerte doit clignoter en rouge lorsque la ceinture n'est pas attachée.</arg>
<doc>Fails if the given condition is not true.</doc>
<status status="PASS" start="2024-05-28T12:15:01.940546" elapsed="0.000000"/>
</kw>
<kw name="Should Be True" owner="BuiltIn">
<arg>${sound_on}</arg>
<arg>L'alarme sonore doit être activée lorsque la ceinture n'est pas attachée.</arg>
<doc>Fails if the given condition is not true.</doc>
<status status="PASS" start="2024-05-28T12:15:01.940546" elapsed="0.000000"/>
</kw>
<kw name="Fasten Seatbelt" owner="seat_belts">
<status status="PASS" start="2024-05-28T12:15:01.940546" elapsed="0.000000"/>
</kw>
<kw name="Is Light Indicator Green" owner="seat_belts">
<msg time="2024-05-28T12:15:01.940546" level="INFO">${light_green} = True</msg>
<var>${light_green}</var>
<status status="PASS" start="2024-05-28T12:15:01.940546" elapsed="0.000000"/>
</kw>
<kw name="Is Sound Alarm On" owner="seat_belts">
<msg time="2024-05-28T12:15:01.940546" level="INFO">${sound_on} = False</msg>
<var>${sound_on}</var>
<status status="PASS" start="2024-05-28T12:15:01.940546" elapsed="0.000000"/>
</kw>
<kw name="Set Variable" owner="BuiltIn">
<msg time="2024-05-28T12:15:01.940546" level="INFO">${light_off} = True == True</msg>
<var>${light_off}</var>
<arg>${light_green} == True</arg>
<doc>Returns the given values which can then be assigned to a variables.</doc>
<status status="PASS" start="2024-05-28T12:15:01.940546" elapsed="0.000000"/>
</kw>
<kw name="Set Variable" owner="BuiltIn">
<msg time="2024-05-28T12:15:01.940546" level="INFO">${sound_off} = False == False</msg>
<var>${sound_off}</var>
<arg>${sound_on} == False</arg>
<doc>Returns the given values which can then be assigned to a variables.</doc>
<status status="PASS" start="2024-05-28T12:15:01.940546" elapsed="0.000000"/>
</kw>
<kw name="Should Be True" owner="BuiltIn">
<arg>${light_off}</arg>
<arg>La lumière d'alerte doit être verte lorsque la ceinture est attachée.</arg>
<doc>Fails if the given condition is not true.</doc>
<status status="PASS" start="2024-05-28T12:15:01.940546" elapsed="0.000000"/>
</kw>
<kw name="Should Be True" owner="BuiltIn">
<arg>${sound_off}</arg>
<arg>L'alarme sonore doit être désactivée lorsque la ceinture est attachée.</arg>
<doc>Fails if the given condition is not true.</doc>
<status status="PASS" start="2024-05-28T12:15:01.940546" elapsed="0.000000"/>
</kw>
<doc>Vérifie que les alertes lumineuses et sonores fonctionnent correctement lorsque la ceinture de sécurité n'est pas attachée et attachée.</doc>
<status status="PASS" start="2024-05-28T12:15:01.940546" elapsed="0.000000"/>
</test>
<status status="PASS" start="2024-05-28T12:15:01.877828" elapsed="0.078355"/>
</suite>
<statistics>
<total>
<stat pass="1" fail="0" skip="0">All Tests</stat>
</total>
<tag>
</tag>
<suite>
<stat pass="1" fail="0" skip="0" id="s1" name="Tests">Tests</stat>
</suite>
</statistics>
<errors>
</errors>
</robot>
